0    DEBUG [2017-12-15 11:27:41]  Setting default value: false
0    DEBUG [2017-12-15 11:27:41]  Converting 'Boolean' value 'false' to type 'Boolean'
0    DEBUG [2017-12-15 11:27:41]      No conversion required, value is already a Boolean
0    DEBUG [2017-12-15 11:27:41]  Setting default value: 0
0    DEBUG [2017-12-15 11:27:41]  Converting 'Integer' value '0' to type 'Byte'
0    DEBUG [2017-12-15 11:27:41]      Converted to Byte value '0'
0    DEBUG [2017-12-15 11:27:41]  Setting default value:  
15   DEBUG [2017-12-15 11:27:41]  Converting 'Character' value ' ' to type 'Character'
15   DEBUG [2017-12-15 11:27:41]      No conversion required, value is already a Character
15   DEBUG [2017-12-15 11:27:41]  Setting default value: 0
15   DEBUG [2017-12-15 11:27:41]  Converting 'Integer' value '0' to type 'Double'
15   DEBUG [2017-12-15 11:27:41]      Converted to Double value '0.0'
15   DEBUG [2017-12-15 11:27:41]  Setting default value: 0
15   DEBUG [2017-12-15 11:27:41]  Converting 'Integer' value '0' to type 'Float'
15   DEBUG [2017-12-15 11:27:41]      Converted to Float value '0.0'
15   DEBUG [2017-12-15 11:27:41]  Setting default value: 0
15   DEBUG [2017-12-15 11:27:41]  Converting 'Integer' value '0' to type 'Integer'
15   DEBUG [2017-12-15 11:27:41]      No conversion required, value is already a Integer
15   DEBUG [2017-12-15 11:27:41]  Setting default value: 0
15   DEBUG [2017-12-15 11:27:41]  Converting 'Integer' value '0' to type 'Long'
15   DEBUG [2017-12-15 11:27:41]      Converted to Long value '0'
15   DEBUG [2017-12-15 11:27:41]  Setting default value: 0
15   DEBUG [2017-12-15 11:27:41]  Converting 'Integer' value '0' to type 'Short'
15   DEBUG [2017-12-15 11:27:41]      Converted to Short value '0'
15   DEBUG [2017-12-15 11:27:41]  Setting default value: 0.0
15   DEBUG [2017-12-15 11:27:41]  Converting 'BigDecimal' value '0.0' to type 'BigDecimal'
15   DEBUG [2017-12-15 11:27:41]      No conversion required, value is already a BigDecimal
15   DEBUG [2017-12-15 11:27:41]  Setting default value: 0
15   DEBUG [2017-12-15 11:27:41]  Converting 'BigInteger' value '0' to type 'BigInteger'
15   DEBUG [2017-12-15 11:27:41]      No conversion required, value is already a BigInteger
15   DEBUG [2017-12-15 11:27:41]  Setting default value: false
15   DEBUG [2017-12-15 11:27:41]  Converting 'Boolean' value 'false' to type 'Boolean'
15   DEBUG [2017-12-15 11:27:41]      No conversion required, value is already a Boolean
15   DEBUG [2017-12-15 11:27:41]  Setting default value: 0
15   DEBUG [2017-12-15 11:27:41]  Converting 'Integer' value '0' to type 'Byte'
15   DEBUG [2017-12-15 11:27:41]      Converted to Byte value '0'
15   DEBUG [2017-12-15 11:27:41]  Setting default value:  
15   DEBUG [2017-12-15 11:27:41]  Converting 'Character' value ' ' to type 'Character'
15   DEBUG [2017-12-15 11:27:41]      No conversion required, value is already a Character
15   DEBUG [2017-12-15 11:27:41]  Setting default value: 0
15   DEBUG [2017-12-15 11:27:41]  Converting 'Integer' value '0' to type 'Double'
15   DEBUG [2017-12-15 11:27:41]      Converted to Double value '0.0'
15   DEBUG [2017-12-15 11:27:41]  Setting default value: 0
15   DEBUG [2017-12-15 11:27:41]  Converting 'Integer' value '0' to type 'Float'
15   DEBUG [2017-12-15 11:27:41]      Converted to Float value '0.0'
15   DEBUG [2017-12-15 11:27:41]  Setting default value: 0
15   DEBUG [2017-12-15 11:27:41]  Converting 'Integer' value '0' to type 'Integer'
15   DEBUG [2017-12-15 11:27:41]      No conversion required, value is already a Integer
15   DEBUG [2017-12-15 11:27:41]  Setting default value: 0
15   DEBUG [2017-12-15 11:27:41]  Converting 'Integer' value '0' to type 'Long'
15   DEBUG [2017-12-15 11:27:41]      Converted to Long value '0'
15   DEBUG [2017-12-15 11:27:41]  Setting default value: 0
15   DEBUG [2017-12-15 11:27:41]  Converting 'Integer' value '0' to type 'Short'
15   DEBUG [2017-12-15 11:27:41]      Converted to Short value '0'
15   DEBUG [2017-12-15 11:27:41]  Setting default value: 
15   DEBUG [2017-12-15 11:27:41]  Converting 'String' value '' to type 'String'
32   DEBUG [2017-12-15 11:27:42]  Setting default value: [Z@7f690630
32   DEBUG [2017-12-15 11:27:42]  Converting 'boolean[]' value '[Z@7f690630' to type 'boolean[]'
32   DEBUG [2017-12-15 11:27:42]      No conversion required, value is already a boolean[]
32   DEBUG [2017-12-15 11:27:42]  Setting default value: [B@edf4efb
32   DEBUG [2017-12-15 11:27:42]  Converting 'byte[]' value '[B@edf4efb' to type 'byte[]'
32   DEBUG [2017-12-15 11:27:42]      No conversion required, value is already a byte[]
32   DEBUG [2017-12-15 11:27:42]  Setting default value: [C@2f7a2457
32   DEBUG [2017-12-15 11:27:42]  Converting 'char[]' value '[C@2f7a2457' to type 'char[]'
32   DEBUG [2017-12-15 11:27:42]      No conversion required, value is already a char[]
32   DEBUG [2017-12-15 11:27:42]  Setting default value: [D@566776ad
32   DEBUG [2017-12-15 11:27:42]  Converting 'double[]' value '[D@566776ad' to type 'double[]'
32   DEBUG [2017-12-15 11:27:42]      No conversion required, value is already a double[]
32   DEBUG [2017-12-15 11:27:42]  Setting default value: [F@6108b2d7
32   DEBUG [2017-12-15 11:27:42]  Converting 'float[]' value '[F@6108b2d7' to type 'float[]'
32   DEBUG [2017-12-15 11:27:42]      No conversion required, value is already a float[]
32   DEBUG [2017-12-15 11:27:42]  Setting default value: [I@1554909b
32   DEBUG [2017-12-15 11:27:42]  Converting 'int[]' value '[I@1554909b' to type 'int[]'
32   DEBUG [2017-12-15 11:27:42]      No conversion required, value is already a int[]
32   DEBUG [2017-12-15 11:27:42]  Setting default value: [J@6bf256fa
32   DEBUG [2017-12-15 11:27:42]  Converting 'long[]' value '[J@6bf256fa' to type 'long[]'
32   DEBUG [2017-12-15 11:27:42]      No conversion required, value is already a long[]
32   DEBUG [2017-12-15 11:27:42]  Setting default value: [S@6cd8737
32   DEBUG [2017-12-15 11:27:42]  Converting 'short[]' value '[S@6cd8737' to type 'short[]'
32   DEBUG [2017-12-15 11:27:42]      No conversion required, value is already a short[]
32   DEBUG [2017-12-15 11:27:42]  Setting default value: [Ljava.math.BigDecimal;@22f71333
32   DEBUG [2017-12-15 11:27:42]  Converting 'BigDecimal[]' value '[Ljava.math.BigDecimal;@22f71333' to type 'BigDecimal[]'
32   DEBUG [2017-12-15 11:27:42]      No conversion required, value is already a BigDecimal[]
32   DEBUG [2017-12-15 11:27:42]  Setting default value: [Ljava.math.BigInteger;@13969fbe
32   DEBUG [2017-12-15 11:27:42]  Converting 'BigInteger[]' value '[Ljava.math.BigInteger;@13969fbe' to type 'BigInteger[]'
32   DEBUG [2017-12-15 11:27:42]      No conversion required, value is already a BigInteger[]
32   DEBUG [2017-12-15 11:27:42]  Setting default value: [Ljava.lang.Boolean;@6aaa5eb0
32   DEBUG [2017-12-15 11:27:42]  Converting 'Boolean[]' value '[Ljava.lang.Boolean;@6aaa5eb0' to type 'Boolean[]'
32   DEBUG [2017-12-15 11:27:42]      No conversion required, value is already a Boolean[]
32   DEBUG [2017-12-15 11:27:42]  Setting default value: [Ljava.lang.Byte;@3498ed
32   DEBUG [2017-12-15 11:27:42]  Converting 'Byte[]' value '[Ljava.lang.Byte;@3498ed' to type 'Byte[]'
32   DEBUG [2017-12-15 11:27:42]      No conversion required, value is already a Byte[]
32   DEBUG [2017-12-15 11:27:42]  Setting default value: [Ljava.lang.Character;@1a407d53
32   DEBUG [2017-12-15 11:27:42]  Converting 'Character[]' value '[Ljava.lang.Character;@1a407d53' to type 'Character[]'
32   DEBUG [2017-12-15 11:27:42]      No conversion required, value is already a Character[]
32   DEBUG [2017-12-15 11:27:42]  Setting default value: [Ljava.lang.Double;@3d8c7aca
32   DEBUG [2017-12-15 11:27:42]  Converting 'Double[]' value '[Ljava.lang.Double;@3d8c7aca' to type 'Double[]'
32   DEBUG [2017-12-15 11:27:42]      No conversion required, value is already a Double[]
32   DEBUG [2017-12-15 11:27:42]  Setting default value: [Ljava.lang.Float;@5ebec15
32   DEBUG [2017-12-15 11:27:42]  Converting 'Float[]' value '[Ljava.lang.Float;@5ebec15' to type 'Float[]'
32   DEBUG [2017-12-15 11:27:42]      No conversion required, value is already a Float[]
32   DEBUG [2017-12-15 11:27:42]  Setting default value: [Ljava.lang.Integer;@21bcffb5
32   DEBUG [2017-12-15 11:27:42]  Converting 'Integer[]' value '[Ljava.lang.Integer;@21bcffb5' to type 'Integer[]'
32   DEBUG [2017-12-15 11:27:42]      No conversion required, value is already a Integer[]
32   DEBUG [2017-12-15 11:27:42]  Setting default value: [Ljava.lang.Long;@380fb434
32   DEBUG [2017-12-15 11:27:42]  Converting 'Long[]' value '[Ljava.lang.Long;@380fb434' to type 'Long[]'
32   DEBUG [2017-12-15 11:27:42]      No conversion required, value is already a Long[]
32   DEBUG [2017-12-15 11:27:42]  Setting default value: [Ljava.lang.Short;@668bc3d5
32   DEBUG [2017-12-15 11:27:42]  Converting 'Short[]' value '[Ljava.lang.Short;@668bc3d5' to type 'Short[]'
32   DEBUG [2017-12-15 11:27:42]      No conversion required, value is already a Short[]
32   DEBUG [2017-12-15 11:27:42]  Setting default value: [Ljava.lang.String;@3cda1055
32   DEBUG [2017-12-15 11:27:42]  Converting 'String[]' value '[Ljava.lang.String;@3cda1055' to type 'String[]'
32   DEBUG [2017-12-15 11:27:42]      No conversion required, value is already a String[]
32   DEBUG [2017-12-15 11:27:42]  Setting default value: [Ljava.lang.Class;@7a5d012c
32   DEBUG [2017-12-15 11:27:42]  Converting 'Class[]' value '[Ljava.lang.Class;@7a5d012c' to type 'Class[]'
32   DEBUG [2017-12-15 11:27:42]      No conversion required, value is already a Class[]
32   DEBUG [2017-12-15 11:27:42]  Setting default value: [Ljava.util.Date;@3fb6a447
32   DEBUG [2017-12-15 11:27:42]  Converting 'Date[]' value '[Ljava.util.Date;@3fb6a447' to type 'Date[]'
32   DEBUG [2017-12-15 11:27:42]      No conversion required, value is already a Date[]
32   DEBUG [2017-12-15 11:27:42]  Setting default value: [Ljava.util.Calendar;@6b2fad11
32   DEBUG [2017-12-15 11:27:42]  Converting 'Calendar[]' value '[Ljava.util.Calendar;@6b2fad11' to type 'Calendar[]'
32   DEBUG [2017-12-15 11:27:42]      No conversion required, value is already a Calendar[]
32   DEBUG [2017-12-15 11:27:42]  Setting default value: [Ljava.io.File;@73f792cf
32   DEBUG [2017-12-15 11:27:42]  Converting 'java.io.File[]' value '[Ljava.io.File;@73f792cf' to type 'java.io.File[]'
32   DEBUG [2017-12-15 11:27:42]      No conversion required, value is already a java.io.File[]
32   DEBUG [2017-12-15 11:27:42]  Setting default value: [Ljava.sql.Date;@38082d64
32   DEBUG [2017-12-15 11:27:42]  Converting 'java.sql.Date[]' value '[Ljava.sql.Date;@38082d64' to type 'java.sql.Date[]'
32   DEBUG [2017-12-15 11:27:42]      No conversion required, value is already a java.sql.Date[]
32   DEBUG [2017-12-15 11:27:42]  Setting default value: [Ljava.sql.Time;@42d3bd8b
32   DEBUG [2017-12-15 11:27:42]  Converting 'java.sql.Time[]' value '[Ljava.sql.Time;@42d3bd8b' to type 'java.sql.Time[]'
32   DEBUG [2017-12-15 11:27:42]      No conversion required, value is already a java.sql.Time[]
32   DEBUG [2017-12-15 11:27:42]  Setting default value: [Ljava.sql.Timestamp;@5f2050f6
32   DEBUG [2017-12-15 11:27:42]  Converting 'java.sql.Timestamp[]' value '[Ljava.sql.Timestamp;@5f2050f6' to type 'java.sql.Timestamp[]'
32   DEBUG [2017-12-15 11:27:42]      No conversion required, value is already a java.sql.Timestamp[]
32   DEBUG [2017-12-15 11:27:42]  Setting default value: [Ljava.net.URL;@64616ca2
32   DEBUG [2017-12-15 11:27:42]  Converting 'java.net.URL[]' value '[Ljava.net.URL;@64616ca2' to type 'java.net.URL[]'
32   DEBUG [2017-12-15 11:27:42]      No conversion required, value is already a java.net.URL[]
